[0.922s] Invoking command in '/home/shwifty/SOSE25/hard_soft/robocar_ws/build/robocar_simulation': DEBUGINFOD_URLS=https://debuginfod.ubuntu.com PYTHONPATH=/home/shwifty/SOSE25/hard_soft/robocar_ws/build/robocar_simulation/prefix_override:/usr/lib/python3/dist-packages/colcon_core/task/python/colcon_distutils_commands:/home/shwifty/SOSE25/hard_soft/robocar_ws/install/robocar_simulation/lib/python3.12/site-packages:${PYTHONPATH} /usr/bin/python3 -W ignore:setup.py install is deprecated -W ignore:easy_install command is deprecated setup.py develop --editable --build-directory /home/shwifty/SOSE25/hard_soft/robocar_ws/build/robocar_simulation/build --no-deps symlink_data
[1.286s] running develop
[1.529s] running egg_info
[1.551s] writing robocar_simulation.egg-info/PKG-INFO
[1.552s] writing dependency_links to robocar_simulation.egg-info/dependency_links.txt
[1.552s] writing entry points to robocar_simulation.egg-info/entry_points.txt
[1.552s] writing requirements to robocar_simulation.egg-info/requires.txt
[1.552s] writing top-level names to robocar_simulation.egg-info/top_level.txt
[1.598s] reading manifest file 'robocar_simulation.egg-info/SOURCES.txt'
[1.598s] writing manifest file 'robocar_simulation.egg-info/SOURCES.txt'
[1.625s] running build_ext
[1.625s] Creating /home/shwifty/SOSE25/hard_soft/robocar_ws/install/robocar_simulation/lib/python3.12/site-packages/robocar-simulation.egg-link (link to .)
[1.626s] Installing controller_node script to /home/shwifty/SOSE25/hard_soft/robocar_ws/install/robocar_simulation/lib/robocar_simulation
[1.626s] Installing keyboard_control script to /home/shwifty/SOSE25/hard_soft/robocar_ws/install/robocar_simulation/lib/robocar_simulation
[1.626s] Installing logger_node script to /home/shwifty/SOSE25/hard_soft/robocar_ws/install/robocar_simulation/lib/robocar_simulation
[1.627s] Installing sensor_node script to /home/shwifty/SOSE25/hard_soft/robocar_ws/install/robocar_simulation/lib/robocar_simulation
[1.627s] 
[1.627s] Installed /home/shwifty/SOSE25/hard_soft/robocar_ws/build/robocar_simulation
[1.627s] running symlink_data
[1.627s] symbolically linking /home/shwifty/SOSE25/hard_soft/robocar_ws/build/robocar_simulation/launch/keyboard_test.launch.py -> /home/shwifty/SOSE25/hard_soft/robocar_ws/install/robocar_simulation/share/robocar_simulation/launch
[1.660s] Invoked command in '/home/shwifty/SOSE25/hard_soft/robocar_ws/build/robocar_simulation' returned '0': DEBUGINFOD_URLS=https://debuginfod.ubuntu.com PYTHONPATH=/home/shwifty/SOSE25/hard_soft/robocar_ws/build/robocar_simulation/prefix_override:/usr/lib/python3/dist-packages/colcon_core/task/python/colcon_distutils_commands:/home/shwifty/SOSE25/hard_soft/robocar_ws/install/robocar_simulation/lib/python3.12/site-packages:${PYTHONPATH} /usr/bin/python3 -W ignore:setup.py install is deprecated -W ignore:easy_install command is deprecated setup.py develop --editable --build-directory /home/shwifty/SOSE25/hard_soft/robocar_ws/build/robocar_simulation/build --no-deps symlink_data
