[0.943s] Invoking command in '/home/shwifty/SOSE25/hard_soft/robocar_ws/build/robocar_simulation': DEBUGINFOD_URLS=https://debuginfod.ubuntu.com PYTHONPATH=/home/shwifty/SOSE25/hard_soft/robocar_ws/build/robocar_simulation/prefix_override:/usr/lib/python3/dist-packages/colcon_core/task/python/colcon_distutils_commands:/home/shwifty/SOSE25/hard_soft/robocar_ws/install/robocar_simulation/lib/python3.12/site-packages:${PYTHONPATH} /usr/bin/python3 -W ignore:setup.py install is deprecated -W ignore:easy_install command is deprecated setup.py develop --editable --build-directory /home/shwifty/SOSE25/hard_soft/robocar_ws/build/robocar_simulation/build --no-deps symlink_data
[1.308s] running develop
[1.552s] running egg_info
[1.575s] writing robocar_simulation.egg-info/PKG-INFO
[1.575s] writing dependency_links to robocar_simulation.egg-info/dependency_links.txt
[1.575s] writing entry points to robocar_simulation.egg-info/entry_points.txt
[1.575s] writing requirements to robocar_simulation.egg-info/requires.txt
[1.576s] writing top-level names to robocar_simulation.egg-info/top_level.txt
[1.623s] reading manifest file 'robocar_simulation.egg-info/SOURCES.txt'
[1.624s] writing manifest file 'robocar_simulation.egg-info/SOURCES.txt'
[1.648s] running build_ext
[1.649s] Creating /home/shwifty/SOSE25/hard_soft/robocar_ws/install/robocar_simulation/lib/python3.12/site-packages/robocar-simulation.egg-link (link to .)
[1.649s] Installing controller_node script to /home/shwifty/SOSE25/hard_soft/robocar_ws/install/robocar_simulation/lib/robocar_simulation
[1.649s] Installing keyboard_control script to /home/shwifty/SOSE25/hard_soft/robocar_ws/install/robocar_simulation/lib/robocar_simulation
[1.650s] Installing logger_node script to /home/shwifty/SOSE25/hard_soft/robocar_ws/install/robocar_simulation/lib/robocar_simulation
[1.650s] Installing sensor_node script to /home/shwifty/SOSE25/hard_soft/robocar_ws/install/robocar_simulation/lib/robocar_simulation
[1.650s] 
[1.650s] Installed /home/shwifty/SOSE25/hard_soft/robocar_ws/build/robocar_simulation
[1.650s] running symlink_data
[1.651s] error: can't copy '/home/shwifty/SOSE25/hard_soft/robocar_ws/build/robocar_simulation/worlds/maze.sdf': doesn't exist or not a regular file
[1.684s] Invoked command in '/home/shwifty/SOSE25/hard_soft/robocar_ws/build/robocar_simulation' returned '1': DEBUGINFOD_URLS=https://debuginfod.ubuntu.com PYTHONPATH=/home/shwifty/SOSE25/hard_soft/robocar_ws/build/robocar_simulation/prefix_override:/usr/lib/python3/dist-packages/colcon_core/task/python/colcon_distutils_commands:/home/shwifty/SOSE25/hard_soft/robocar_ws/install/robocar_simulation/lib/python3.12/site-packages:${PYTHONPATH} /usr/bin/python3 -W ignore:setup.py install is deprecated -W ignore:easy_install command is deprecated setup.py develop --editable --build-directory /home/shwifty/SOSE25/hard_soft/robocar_ws/build/robocar_simulation/build --no-deps symlink_data
