[1.092s] Invoking command in '/home/shwifty/SOSE25/hard_soft/robocar_ws/build/robocar_simulation': DEBUGINFOD_URLS=https://debuginfod.ubuntu.com PYTHONPATH=/home/shwifty/SOSE25/hard_soft/robocar_ws/build/robocar_simulation/prefix_override:/usr/lib/python3/dist-packages/colcon_core/task/python/colcon_distutils_commands:/home/shwifty/SOSE25/hard_soft/robocar_ws/install/robocar_simulation/lib/python3.12/site-packages:${PYTHONPATH} /usr/bin/python3 -W ignore:setup.py install is deprecated -W ignore:easy_install command is deprecated setup.py develop --editable --build-directory /home/shwifty/SOSE25/hard_soft/robocar_ws/build/robocar_simulation/build --no-deps symlink_data
[1.461s] running develop
[1.758s] running egg_info
[1.758s] creating robocar_simulation.egg-info
[1.784s] writing robocar_simulation.egg-info/PKG-INFO
[1.784s] writing dependency_links to robocar_simulation.egg-info/dependency_links.txt
[1.784s] writing entry points to robocar_simulation.egg-info/entry_points.txt
[1.784s] writing requirements to robocar_simulation.egg-info/requires.txt
[1.784s] writing top-level names to robocar_simulation.egg-info/top_level.txt
[1.785s] writing manifest file 'robocar_simulation.egg-info/SOURCES.txt'
[1.841s] reading manifest file 'robocar_simulation.egg-info/SOURCES.txt'
[1.842s] writing manifest file 'robocar_simulation.egg-info/SOURCES.txt'
[1.871s] running build_ext
[1.871s] Creating /home/shwifty/SOSE25/hard_soft/robocar_ws/install/robocar_simulation/lib/python3.12/site-packages/robocar-simulation.egg-link (link to .)
[1.872s] Installing controller_node script to /home/shwifty/SOSE25/hard_soft/robocar_ws/install/robocar_simulation/lib/robocar_simulation
[1.872s] Installing logger_node script to /home/shwifty/SOSE25/hard_soft/robocar_ws/install/robocar_simulation/lib/robocar_simulation
[1.872s] Installing sensor_node script to /home/shwifty/SOSE25/hard_soft/robocar_ws/install/robocar_simulation/lib/robocar_simulation
[1.873s] 
[1.873s] Installed /home/shwifty/SOSE25/hard_soft/robocar_ws/build/robocar_simulation
[1.873s] running symlink_data
[1.874s] creating /home/shwifty/SOSE25/hard_soft/robocar_ws/install/robocar_simulation/share/ament_index
[1.874s] creating /home/shwifty/SOSE25/hard_soft/robocar_ws/install/robocar_simulation/share/ament_index/resource_index
[1.874s] creating /home/shwifty/SOSE25/hard_soft/robocar_ws/install/robocar_simulation/share/ament_index/resource_index/packages
[1.874s] symbolically linking /home/shwifty/SOSE25/hard_soft/robocar_ws/build/robocar_simulation/resource/robocar_simulation -> /home/shwifty/SOSE25/hard_soft/robocar_ws/install/robocar_simulation/share/ament_index/resource_index/packages
[1.875s] symbolically linking /home/shwifty/SOSE25/hard_soft/robocar_ws/build/robocar_simulation/package.xml -> /home/shwifty/SOSE25/hard_soft/robocar_ws/install/robocar_simulation/share/robocar_simulation
[1.875s] creating /home/shwifty/SOSE25/hard_soft/robocar_ws/install/robocar_simulation/share/robocar_simulation/launch
[1.875s] symbolically linking /home/shwifty/SOSE25/hard_soft/robocar_ws/build/robocar_simulation/launch/simulation.launch.py -> /home/shwifty/SOSE25/hard_soft/robocar_ws/install/robocar_simulation/share/robocar_simulation/launch
[1.875s] creating /home/shwifty/SOSE25/hard_soft/robocar_ws/install/robocar_simulation/share/robocar_simulation/urdf
[1.875s] symbolically linking /home/shwifty/SOSE25/hard_soft/robocar_ws/build/robocar_simulation/urdf/robocar.urdf.xacro -> /home/shwifty/SOSE25/hard_soft/robocar_ws/install/robocar_simulation/share/robocar_simulation/urdf
[1.875s] creating /home/shwifty/SOSE25/hard_soft/robocar_ws/install/robocar_simulation/share/robocar_simulation/worlds
[1.876s] symbolically linking /home/shwifty/SOSE25/hard_soft/robocar_ws/build/robocar_simulation/worlds/maze.sdf -> /home/shwifty/SOSE25/hard_soft/robocar_ws/install/robocar_simulation/share/robocar_simulation/worlds
[1.876s] creating /home/shwifty/SOSE25/hard_soft/robocar_ws/install/robocar_simulation/share/robocar_simulation/config
[1.927s] Invoked command in '/home/shwifty/SOSE25/hard_soft/robocar_ws/build/robocar_simulation' returned '0': DEBUGINFOD_URLS=https://debuginfod.ubuntu.com PYTHONPATH=/home/shwifty/SOSE25/hard_soft/robocar_ws/build/robocar_simulation/prefix_override:/usr/lib/python3/dist-packages/colcon_core/task/python/colcon_distutils_commands:/home/shwifty/SOSE25/hard_soft/robocar_ws/install/robocar_simulation/lib/python3.12/site-packages:${PYTHONPATH} /usr/bin/python3 -W ignore:setup.py install is deprecated -W ignore:easy_install command is deprecated setup.py develop --editable --build-directory /home/shwifty/SOSE25/hard_soft/robocar_ws/build/robocar_simulation/build --no-deps symlink_data
