[1.313s] Invoking command in '/home/shwifty/SOSE25/hard_soft/robocar_ws/build/robocar_simulation': DEBUGINFOD_URLS=https://debuginfod.ubuntu.com PYTHONPATH=/home/shwifty/SOSE25/hard_soft/robocar_ws/build/robocar_simulation/prefix_override:/usr/lib/python3/dist-packages/colcon_core/task/python/colcon_distutils_commands:/home/shwifty/SOSE25/hard_soft/robocar_ws/install/robocar_simulation/lib/python3.12/site-packages:${PYTHONPATH} /usr/bin/python3 -W ignore:setup.py install is deprecated -W ignore:easy_install command is deprecated setup.py develop --editable --build-directory /home/shwifty/SOSE25/hard_soft/robocar_ws/build/robocar_simulation/build --no-deps symlink_data
[1.844s] running develop
[2.171s] running egg_info
[2.205s] writing robocar_simulation.egg-info/PKG-INFO
[2.205s] writing dependency_links to robocar_simulation.egg-info/dependency_links.txt
[2.206s] writing entry points to robocar_simulation.egg-info/entry_points.txt
[2.206s] writing requirements to robocar_simulation.egg-info/requires.txt
[2.206s] writing top-level names to robocar_simulation.egg-info/top_level.txt
[2.285s] reading manifest file 'robocar_simulation.egg-info/SOURCES.txt'
[2.286s] writing manifest file 'robocar_simulation.egg-info/SOURCES.txt'
[2.325s] running build_ext
[2.325s] Creating /home/shwifty/SOSE25/hard_soft/robocar_ws/install/robocar_simulation/lib/python3.12/site-packages/robocar-simulation.egg-link (link to .)
[2.326s] Installing command_monitor script to /home/shwifty/SOSE25/hard_soft/robocar_ws/install/robocar_simulation/lib/robocar_simulation
[2.327s] Installing controller_node script to /home/shwifty/SOSE25/hard_soft/robocar_ws/install/robocar_simulation/lib/robocar_simulation
[2.327s] Installing keyboard_control script to /home/shwifty/SOSE25/hard_soft/robocar_ws/install/robocar_simulation/lib/robocar_simulation
[2.327s] Installing logger_node script to /home/shwifty/SOSE25/hard_soft/robocar_ws/install/robocar_simulation/lib/robocar_simulation
[2.327s] Installing sensor_node script to /home/shwifty/SOSE25/hard_soft/robocar_ws/install/robocar_simulation/lib/robocar_simulation
[2.327s] Installing simple_keyboard script to /home/shwifty/SOSE25/hard_soft/robocar_ws/install/robocar_simulation/lib/robocar_simulation
[2.328s] Installing test_velocity script to /home/shwifty/SOSE25/hard_soft/robocar_ws/install/robocar_simulation/lib/robocar_simulation
[2.328s] 
[2.328s] Installed /home/shwifty/SOSE25/hard_soft/robocar_ws/build/robocar_simulation
[2.329s] running symlink_data
[2.329s] symbolically linking /home/shwifty/SOSE25/hard_soft/robocar_ws/build/robocar_simulation/launch/classic_gazebo.launch.py -> /home/shwifty/SOSE25/hard_soft/robocar_ws/install/robocar_simulation/share/robocar_simulation/launch
[2.385s] Invoked command in '/home/shwifty/SOSE25/hard_soft/robocar_ws/build/robocar_simulation' returned '0': DEBUGINFOD_URLS=https://debuginfod.ubuntu.com PYTHONPATH=/home/shwifty/SOSE25/hard_soft/robocar_ws/build/robocar_simulation/prefix_override:/usr/lib/python3/dist-packages/colcon_core/task/python/colcon_distutils_commands:/home/shwifty/SOSE25/hard_soft/robocar_ws/install/robocar_simulation/lib/python3.12/site-packages:${PYTHONPATH} /usr/bin/python3 -W ignore:setup.py install is deprecated -W ignore:easy_install command is deprecated setup.py develop --editable --build-directory /home/shwifty/SOSE25/hard_soft/robocar_ws/build/robocar_simulation/build --no-deps symlink_data
