[1.239s] Invoking command in '/home/shwifty/SOSE25/hard_soft/robocar_ws/build/robocar_simulation': DEBUGINFOD_URLS=https://debuginfod.ubuntu.com PYTHONPATH=/home/shwifty/SOSE25/hard_soft/robocar_ws/build/robocar_simulation/prefix_override:/usr/lib/python3/dist-packages/colcon_core/task/python/colcon_distutils_commands:/home/shwifty/SOSE25/hard_soft/robocar_ws/install/robocar_simulation/lib/python3.12/site-packages:${PYTHONPATH} /usr/bin/python3 -W ignore:setup.py install is deprecated -W ignore:easy_install command is deprecated setup.py develop --editable --build-directory /home/shwifty/SOSE25/hard_soft/robocar_ws/build/robocar_simulation/build --no-deps symlink_data
[1.736s] running develop
[2.035s] running egg_info
[2.059s] writing robocar_simulation.egg-info/PKG-INFO
[2.059s] writing dependency_links to robocar_simulation.egg-info/dependency_links.txt
[2.059s] writing entry points to robocar_simulation.egg-info/entry_points.txt
[2.059s] writing requirements to robocar_simulation.egg-info/requires.txt
[2.059s] writing top-level names to robocar_simulation.egg-info/top_level.txt
[2.116s] reading manifest file 'robocar_simulation.egg-info/SOURCES.txt'
[2.118s] writing manifest file 'robocar_simulation.egg-info/SOURCES.txt'
[2.154s] running build_ext
[2.154s] Creating /home/shwifty/SOSE25/hard_soft/robocar_ws/install/robocar_simulation/lib/python3.12/site-packages/robocar-simulation.egg-link (link to .)
[2.155s] Installing command_monitor script to /home/shwifty/SOSE25/hard_soft/robocar_ws/install/robocar_simulation/lib/robocar_simulation
[2.155s] Installing controller_node script to /home/shwifty/SOSE25/hard_soft/robocar_ws/install/robocar_simulation/lib/robocar_simulation
[2.155s] Installing keyboard_control script to /home/shwifty/SOSE25/hard_soft/robocar_ws/install/robocar_simulation/lib/robocar_simulation
[2.155s] Installing logger_node script to /home/shwifty/SOSE25/hard_soft/robocar_ws/install/robocar_simulation/lib/robocar_simulation
[2.155s] Installing sensor_node script to /home/shwifty/SOSE25/hard_soft/robocar_ws/install/robocar_simulation/lib/robocar_simulation
[2.155s] 
[2.156s] Installed /home/shwifty/SOSE25/hard_soft/robocar_ws/build/robocar_simulation
[2.156s] running symlink_data
[2.198s] Invoked command in '/home/shwifty/SOSE25/hard_soft/robocar_ws/build/robocar_simulation' returned '0': DEBUGINFOD_URLS=https://debuginfod.ubuntu.com PYTHONPATH=/home/shwifty/SOSE25/hard_soft/robocar_ws/build/robocar_simulation/prefix_override:/usr/lib/python3/dist-packages/colcon_core/task/python/colcon_distutils_commands:/home/shwifty/SOSE25/hard_soft/robocar_ws/install/robocar_simulation/lib/python3.12/site-packages:${PYTHONPATH} /usr/bin/python3 -W ignore:setup.py install is deprecated -W ignore:easy_install command is deprecated setup.py develop --editable --build-directory /home/shwifty/SOSE25/hard_soft/robocar_ws/build/robocar_simulation/build --no-deps symlink_data
