[0.248s] DEBUG:colcon:Command line arguments: ['/usr/bin/colcon', 'build', '--symlink-install']
[0.248s] DEBUG:colcon:Parsed command line arguments: Namespace(log_base=None, log_level=None, verb_name='build', build_base='build', install_base='install', merge_install=False, symlink_install=True, test_result_base=None, continue_on_error=False, executor='parallel', parallel_workers=8, event_handlers=None, ignore_user_meta=False, metas=['./colcon.meta'], base_paths=['.'], packages_ignore=None, packages_ignore_regex=None, paths=None, packages_up_to=None, packages_up_to_regex=None, packages_above=None, packages_above_and_dependencies=None, packages_above_depth=None, packages_select_by_dep=None, packages_skip_by_dep=None, packages_skip_up_to=None, packages_select_build_failed=False, packages_skip_build_finished=False, packages_select_test_failures=False, packages_skip_test_passed=False, packages_select=None, packages_skip=None, packages_select_regex=None, packages_skip_regex=None, packages_start=None, packages_end=None, allow_overriding=[], cmake_args=None, cmake_target=None, cmake_target_skip_unavailable=False, cmake_clean_cache=False, cmake_clean_first=False, cmake_force_configure=False, ament_cmake_args=None, catkin_cmake_args=None, catkin_skip_building_tests=False, mixin_files=None, mixin=None, verb_parser=<colcon_mixin.mixin.mixin_argument.MixinArgumentDecorator object at 0x7fd425996930>, verb_extension=<colcon_core.verb.build.BuildVerb object at 0x7fd4259965a0>, main=<bound method BuildVerb.main of <colcon_core.verb.build.BuildVerb object at 0x7fd4259965a0>>, mixin_verb=('build',))
[0.327s] Level 1:colcon.colcon_core.package_discovery:discover_packages(colcon_meta) check parameters
[0.327s] Level 1:colcon.colcon_core.package_discovery:discover_packages(recursive) check parameters
[0.327s] Level 1:colcon.colcon_core.package_discovery:discover_packages(ignore) check parameters
[0.327s] Level 1:colcon.colcon_core.package_discovery:discover_packages(path) check parameters
[0.327s] Level 1:colcon.colcon_core.package_discovery:discover_packages(colcon_meta) discover
[0.327s] Level 1:colcon.colcon_core.package_discovery:discover_packages(recursive) discover
[0.327s] INFO:colcon.colcon_core.package_discovery:Crawling recursively for packages in '/home/shwifty/SOSE25/hard_soft/robocar_ws'
[0.328s] Level 1:colcon.colcon_core.package_identification:_identify(.) by extensions ['ignore', 'ignore_ament_install']
[0.328s] Level 1:colcon.colcon_core.package_identification:_identify(.) by extension 'ignore'
[0.328s] Level 1:colcon.colcon_core.package_identification:_identify(.) by extension 'ignore_ament_install'
[0.328s] Level 1:colcon.colcon_core.package_identification:_identify(.) by extensions ['colcon_pkg']
[0.328s] Level 1:colcon.colcon_core.package_identification:_identify(.) by extension 'colcon_pkg'
[0.328s] Level 1:colcon.colcon_core.package_identification:_identify(.) by extensions ['colcon_meta']
[0.328s] Level 1:colcon.colcon_core.package_identification:_identify(.) by extension 'colcon_meta'
[0.328s] Level 1:colcon.colcon_core.package_identification:_identify(.) by extensions ['ros']
[0.328s] Level 1:colcon.colcon_core.package_identification:_identify(.) by extension 'ros'
[0.380s] Level 1:colcon.colcon_core.package_identification:_identify(.) by extensions ['cmake', 'python']
[0.380s] Level 1:colcon.colcon_core.package_identification:_identify(.) by extension 'cmake'
[0.380s] Level 1:colcon.colcon_core.package_identification:_identify(.) by extension 'python'
[0.381s] Level 1:colcon.colcon_core.package_identification:_identify(.) by extensions ['python_setup_py']
[0.381s] Level 1:colcon.colcon_core.package_identification:_identify(.) by extension 'python_setup_py'
[0.381s] Level 1:colcon.colcon_core.package_identification:_identify(build) by extensions ['ignore', 'ignore_ament_install']
[0.381s] Level 1:colcon.colcon_core.package_identification:_identify(build) by extension 'ignore'
[0.381s] Level 1:colcon.colcon_core.package_identification:_identify(build) ignored
[0.381s] Level 1:colcon.colcon_core.package_identification:_identify(install) by extensions ['ignore', 'ignore_ament_install']
[0.382s] Level 1:colcon.colcon_core.package_identification:_identify(install) by extension 'ignore'
[0.382s] Level 1:colcon.colcon_core.package_identification:_identify(install) ignored
[0.382s] Level 1:colcon.colcon_core.package_identification:_identify(log) by extensions ['ignore', 'ignore_ament_install']
[0.382s] Level 1:colcon.colcon_core.package_identification:_identify(log) by extension 'ignore'
[0.382s] Level 1:colcon.colcon_core.package_identification:_identify(log) ignored
[0.382s] Level 1:colcon.colcon_core.package_identification:_identify(robocar_logs) by extensions ['ignore', 'ignore_ament_install']
[0.382s] Level 1:colcon.colcon_core.package_identification:_identify(robocar_logs) by extension 'ignore'
[0.382s] Level 1:colcon.colcon_core.package_identification:_identify(robocar_logs) by extension 'ignore_ament_install'
[0.382s] Level 1:colcon.colcon_core.package_identification:_identify(robocar_logs) by extensions ['colcon_pkg']
[0.383s] Level 1:colcon.colcon_core.package_identification:_identify(robocar_logs) by extension 'colcon_pkg'
[0.383s] Level 1:colcon.colcon_core.package_identification:_identify(robocar_logs) by extensions ['colcon_meta']
[0.383s] Level 1:colcon.colcon_core.package_identification:_identify(robocar_logs) by extension 'colcon_meta'
[0.383s] Level 1:colcon.colcon_core.package_identification:_identify(robocar_logs) by extensions ['ros']
[0.383s] Level 1:colcon.colcon_core.package_identification:_identify(robocar_logs) by extension 'ros'
[0.383s] Level 1:colcon.colcon_core.package_identification:_identify(robocar_logs) by extensions ['cmake', 'python']
[0.383s] Level 1:colcon.colcon_core.package_identification:_identify(robocar_logs) by extension 'cmake'
[0.383s] Level 1:colcon.colcon_core.package_identification:_identify(robocar_logs) by extension 'python'
[0.383s] Level 1:colcon.colcon_core.package_identification:_identify(robocar_logs) by extensions ['python_setup_py']
[0.383s] Level 1:colcon.colcon_core.package_identification:_identify(robocar_logs) by extension 'python_setup_py'
[0.383s] Level 1:colcon.colcon_core.package_identification:_identify(src) by extensions ['ignore', 'ignore_ament_install']
[0.384s] Level 1:colcon.colcon_core.package_identification:_identify(src) by extension 'ignore'
[0.384s] Level 1:colcon.colcon_core.package_identification:_identify(src) by extension 'ignore_ament_install'
[0.384s] Level 1:colcon.colcon_core.package_identification:_identify(src) by extensions ['colcon_pkg']
[0.384s] Level 1:colcon.colcon_core.package_identification:_identify(src) by extension 'colcon_pkg'
[0.384s] Level 1:colcon.colcon_core.package_identification:_identify(src) by extensions ['colcon_meta']
[0.384s] Level 1:colcon.colcon_core.package_identification:_identify(src) by extension 'colcon_meta'
[0.384s] Level 1:colcon.colcon_core.package_identification:_identify(src) by extensions ['ros']
[0.384s] Level 1:colcon.colcon_core.package_identification:_identify(src) by extension 'ros'
[0.385s] Level 1:colcon.colcon_core.package_identification:_identify(src) by extensions ['cmake', 'python']
[0.385s] Level 1:colcon.colcon_core.package_identification:_identify(src) by extension 'cmake'
[0.385s] Level 1:colcon.colcon_core.package_identification:_identify(src) by extension 'python'
[0.386s] Level 1:colcon.colcon_core.package_identification:_identify(src) by extensions ['python_setup_py']
[0.386s] Level 1:colcon.colcon_core.package_identification:_identify(src) by extension 'python_setup_py'
[0.386s] Level 1:colcon.colcon_core.package_identification:_identify(src/robocar_simulation) by extensions ['ignore', 'ignore_ament_install']
[0.387s] Level 1:colcon.colcon_core.package_identification:_identify(src/robocar_simulation) by extension 'ignore'
[0.387s] Level 1:colcon.colcon_core.package_identification:_identify(src/robocar_simulation) by extension 'ignore_ament_install'
[0.387s] Level 1:colcon.colcon_core.package_identification:_identify(src/robocar_simulation) by extensions ['colcon_pkg']
[0.387s] Level 1:colcon.colcon_core.package_identification:_identify(src/robocar_simulation) by extension 'colcon_pkg'
[0.387s] Level 1:colcon.colcon_core.package_identification:_identify(src/robocar_simulation) by extensions ['colcon_meta']
[0.387s] Level 1:colcon.colcon_core.package_identification:_identify(src/robocar_simulation) by extension 'colcon_meta'
[0.387s] Level 1:colcon.colcon_core.package_identification:_identify(src/robocar_simulation) by extensions ['ros']
[0.387s] Level 1:colcon.colcon_core.package_identification:_identify(src/robocar_simulation) by extension 'ros'
[0.392s] DEBUG:colcon.colcon_core.package_identification:Package 'src/robocar_simulation' with type 'ros.ament_python' and name 'robocar_simulation'
[0.392s] Level 1:colcon.colcon_core.package_discovery:discover_packages(recursive) using defaults
[0.392s] Level 1:colcon.colcon_core.package_discovery:discover_packages(ignore) discover
[0.392s] Level 1:colcon.colcon_core.package_discovery:discover_packages(ignore) using defaults
[0.392s] Level 1:colcon.colcon_core.package_discovery:discover_packages(path) discover
[0.392s] Level 1:colcon.colcon_core.package_discovery:discover_packages(path) using defaults
[0.424s] Level 1:colcon.colcon_core.package_discovery:discover_packages(prefix_path) check parameters
[0.424s] Level 1:colcon.colcon_core.package_discovery:discover_packages(prefix_path) discover
[0.428s] DEBUG:colcon.colcon_installed_package_information.package_discovery:Found 1 installed packages in /home/shwifty/SOSE25/hard_soft/robocar_ws/install
[0.432s] DEBUG:colcon.colcon_installed_package_information.package_discovery:Found 315 installed packages in /opt/ros/jazzy
[0.434s] Level 1:colcon.colcon_core.package_discovery:discover_packages(prefix_path) using defaults
[0.543s] Level 5:colcon.colcon_core.verb:set package 'robocar_simulation' build argument 'cmake_args' from command line to 'None'
[0.543s] Level 5:colcon.colcon_core.verb:set package 'robocar_simulation' build argument 'cmake_target' from command line to 'None'
[0.543s] Level 5:colcon.colcon_core.verb:set package 'robocar_simulation' build argument 'cmake_target_skip_unavailable' from command line to 'False'
[0.543s] Level 5:colcon.colcon_core.verb:set package 'robocar_simulation' build argument 'cmake_clean_cache' from command line to 'False'
[0.543s] Level 5:colcon.colcon_core.verb:set package 'robocar_simulation' build argument 'cmake_clean_first' from command line to 'False'
[0.543s] Level 5:colcon.colcon_core.verb:set package 'robocar_simulation' build argument 'cmake_force_configure' from command line to 'False'
[0.543s] Level 5:colcon.colcon_core.verb:set package 'robocar_simulation' build argument 'ament_cmake_args' from command line to 'None'
[0.543s] Level 5:colcon.colcon_core.verb:set package 'robocar_simulation' build argument 'catkin_cmake_args' from command line to 'None'
[0.543s] Level 5:colcon.colcon_core.verb:set package 'robocar_simulation' build argument 'catkin_skip_building_tests' from command line to 'False'
[0.543s] DEBUG:colcon.colcon_core.verb:Building package 'robocar_simulation' with the following arguments: {'ament_cmake_args': None, 'build_base': '/home/shwifty/SOSE25/hard_soft/robocar_ws/build/robocar_simulation', 'catkin_cmake_args': None, 'catkin_skip_building_tests': False, 'cmake_args': None, 'cmake_clean_cache': False, 'cmake_clean_first': False, 'cmake_force_configure': False, 'cmake_target': None, 'cmake_target_skip_unavailable': False, 'install_base': '/home/shwifty/SOSE25/hard_soft/robocar_ws/install/robocar_simulation', 'merge_install': False, 'path': '/home/shwifty/SOSE25/hard_soft/robocar_ws/src/robocar_simulation', 'symlink_install': True, 'test_result_base': None}
[0.544s] INFO:colcon.colcon_core.executor:Executing jobs using 'parallel' executor
[0.545s] DEBUG:colcon.colcon_parallel_executor.executor.parallel:run_until_complete
[0.546s] INFO:colcon.colcon_ros.task.ament_python.build:Building ROS package in '/home/shwifty/SOSE25/hard_soft/robocar_ws/src/robocar_simulation' with build type 'ament_python'
[0.546s] Level 1:colcon.colcon_core.shell:create_environment_hook('robocar_simulation', 'ament_prefix_path')
[0.550s] INFO:colcon.colcon_core.plugin_system:Skipping extension 'colcon_core.shell.bat': Not used on non-Windows systems
[0.550s] INFO:colcon.colcon_core.shell:Creating environment hook '/home/shwifty/SOSE25/hard_soft/robocar_ws/install/robocar_simulation/share/robocar_simulation/hook/ament_prefix_path.ps1'
[0.552s] INFO:colcon.colcon_core.shell:Creating environment descriptor '/home/shwifty/SOSE25/hard_soft/robocar_ws/install/robocar_simulation/share/robocar_simulation/hook/ament_prefix_path.dsv'
[0.553s] INFO:colcon.colcon_core.shell:Creating environment hook '/home/shwifty/SOSE25/hard_soft/robocar_ws/install/robocar_simulation/share/robocar_simulation/hook/ament_prefix_path.sh'
[0.555s] INFO:colcon.colcon_core.shell:Skip shell extension 'powershell' for command environment: Not usable outside of PowerShell
[0.555s] DEBUG:colcon.colcon_core.shell:Skip shell extension 'dsv' for command environment
[1.151s] INFO:colcon.colcon_core.task.python.build:Building Python package in '/home/shwifty/SOSE25/hard_soft/robocar_ws/src/robocar_simulation'
[1.152s] INFO:colcon.colcon_core.shell:Skip shell extension 'powershell' for command environment: Not usable outside of PowerShell
[1.152s] DEBUG:colcon.colcon_core.shell:Skip shell extension 'dsv' for command environment
[2.566s] DEBUG:colcon.colcon_core.event_handler.log_command:Invoking command in '/home/shwifty/SOSE25/hard_soft/robocar_ws/build/robocar_simulation': DEBUGINFOD_URLS=https://debuginfod.ubuntu.com PYTHONPATH=/home/shwifty/SOSE25/hard_soft/robocar_ws/build/robocar_simulation/prefix_override:/usr/lib/python3/dist-packages/colcon_core/task/python/colcon_distutils_commands:/home/shwifty/SOSE25/hard_soft/robocar_ws/install/robocar_simulation/lib/python3.12/site-packages:${PYTHONPATH} /usr/bin/python3 -W ignore:setup.py install is deprecated -W ignore:easy_install command is deprecated setup.py develop --editable --build-directory /home/shwifty/SOSE25/hard_soft/robocar_ws/build/robocar_simulation/build --no-deps symlink_data
[4.230s] Level 1:colcon.colcon_core.shell:create_environment_hook('robocar_simulation', 'pythonpath_develop')
[4.231s] INFO:colcon.colcon_core.shell:Creating environment hook '/home/shwifty/SOSE25/hard_soft/robocar_ws/build/robocar_simulation/share/robocar_simulation/hook/pythonpath_develop.ps1'
[4.231s] DEBUG:colcon.colcon_core.event_handler.log_command:Invoked command in '/home/shwifty/SOSE25/hard_soft/robocar_ws/build/robocar_simulation' returned '0': DEBUGINFOD_URLS=https://debuginfod.ubuntu.com PYTHONPATH=/home/shwifty/SOSE25/hard_soft/robocar_ws/build/robocar_simulation/prefix_override:/usr/lib/python3/dist-packages/colcon_core/task/python/colcon_distutils_commands:/home/shwifty/SOSE25/hard_soft/robocar_ws/install/robocar_simulation/lib/python3.12/site-packages:${PYTHONPATH} /usr/bin/python3 -W ignore:setup.py install is deprecated -W ignore:easy_install command is deprecated setup.py develop --editable --build-directory /home/shwifty/SOSE25/hard_soft/robocar_ws/build/robocar_simulation/build --no-deps symlink_data
[4.232s] INFO:colcon.colcon_core.shell:Creating environment descriptor '/home/shwifty/SOSE25/hard_soft/robocar_ws/build/robocar_simulation/share/robocar_simulation/hook/pythonpath_develop.dsv'
[4.234s] INFO:colcon.colcon_core.shell:Creating environment hook '/home/shwifty/SOSE25/hard_soft/robocar_ws/build/robocar_simulation/share/robocar_simulation/hook/pythonpath_develop.sh'
[4.238s] Level 1:colcon.colcon_core.environment:checking '/home/shwifty/SOSE25/hard_soft/robocar_ws/install/robocar_simulation' for CMake module files
[4.239s] Level 1:colcon.colcon_core.environment:checking '/home/shwifty/SOSE25/hard_soft/robocar_ws/install/robocar_simulation' for CMake config files
[4.240s] Level 1:colcon.colcon_core.environment:checking '/home/shwifty/SOSE25/hard_soft/robocar_ws/install/robocar_simulation/lib'
[4.241s] Level 1:colcon.colcon_core.environment:checking '/home/shwifty/SOSE25/hard_soft/robocar_ws/install/robocar_simulation/bin'
[4.241s] Level 1:colcon.colcon_core.environment:checking '/home/shwifty/SOSE25/hard_soft/robocar_ws/install/robocar_simulation/lib/pkgconfig/robocar_simulation.pc'
[4.241s] Level 1:colcon.colcon_core.environment:checking '/home/shwifty/SOSE25/hard_soft/robocar_ws/install/robocar_simulation/lib/python3.12/site-packages'
[4.241s] Level 1:colcon.colcon_core.shell:create_environment_hook('robocar_simulation', 'pythonpath')
[4.242s] INFO:colcon.colcon_core.shell:Creating environment hook '/home/shwifty/SOSE25/hard_soft/robocar_ws/install/robocar_simulation/share/robocar_simulation/hook/pythonpath.ps1'
[4.243s] INFO:colcon.colcon_core.shell:Creating environment descriptor '/home/shwifty/SOSE25/hard_soft/robocar_ws/install/robocar_simulation/share/robocar_simulation/hook/pythonpath.dsv'
[4.243s] INFO:colcon.colcon_core.shell:Creating environment hook '/home/shwifty/SOSE25/hard_soft/robocar_ws/install/robocar_simulation/share/robocar_simulation/hook/pythonpath.sh'
[4.245s] Level 1:colcon.colcon_core.environment:checking '/home/shwifty/SOSE25/hard_soft/robocar_ws/install/robocar_simulation/bin'
[4.245s] Level 1:colcon.colcon_core.environment:create_environment_scripts_only(robocar_simulation)
[4.246s] INFO:colcon.colcon_core.shell:Creating package script '/home/shwifty/SOSE25/hard_soft/robocar_ws/install/robocar_simulation/share/robocar_simulation/package.ps1'
[4.247s] INFO:colcon.colcon_core.shell:Creating package descriptor '/home/shwifty/SOSE25/hard_soft/robocar_ws/install/robocar_simulation/share/robocar_simulation/package.dsv'
[4.248s] INFO:colcon.colcon_core.shell:Creating package script '/home/shwifty/SOSE25/hard_soft/robocar_ws/install/robocar_simulation/share/robocar_simulation/package.sh'
[4.250s] INFO:colcon.colcon_core.shell:Creating package script '/home/shwifty/SOSE25/hard_soft/robocar_ws/install/robocar_simulation/share/robocar_simulation/package.bash'
[4.251s] INFO:colcon.colcon_core.shell:Creating package script '/home/shwifty/SOSE25/hard_soft/robocar_ws/install/robocar_simulation/share/robocar_simulation/package.zsh'
[4.252s] Level 1:colcon.colcon_core.environment:create_file_with_runtime_dependencies(/home/shwifty/SOSE25/hard_soft/robocar_ws/install/robocar_simulation/share/colcon-core/packages/robocar_simulation)
[4.252s] DEBUG:colcon.colcon_parallel_executor.executor.parallel:closing loop
[4.253s] DEBUG:colcon.colcon_parallel_executor.executor.parallel:loop closed
[4.253s] DEBUG:colcon.colcon_parallel_executor.executor.parallel:run_until_complete finished with '0'
[4.253s] DEBUG:colcon.colcon_core.event_reactor:joining thread
[4.263s] INFO:colcon.colcon_core.plugin_system:Skipping extension 'colcon_notification.desktop_notification.terminal_notifier': Not used on non-Darwin systems
[4.263s] INFO:colcon.colcon_core.plugin_system:Skipping extension 'colcon_notification.desktop_notification.win32': Not used on non-Windows systems
[4.263s] INFO:colcon.colcon_notification.desktop_notification:Sending desktop notification using 'notify2'
[4.290s] DEBUG:colcon.colcon_core.event_reactor:joined thread
[4.290s] INFO:colcon.colcon_core.shell:Creating prefix script '/home/shwifty/SOSE25/hard_soft/robocar_ws/install/local_setup.ps1'
[4.291s] INFO:colcon.colcon_core.shell:Creating prefix util module '/home/shwifty/SOSE25/hard_soft/robocar_ws/install/_local_setup_util_ps1.py'
[4.292s] INFO:colcon.colcon_core.shell:Creating prefix chain script '/home/shwifty/SOSE25/hard_soft/robocar_ws/install/setup.ps1'
[4.295s] INFO:colcon.colcon_core.shell:Creating prefix script '/home/shwifty/SOSE25/hard_soft/robocar_ws/install/local_setup.sh'
[4.296s] INFO:colcon.colcon_core.shell:Creating prefix util module '/home/shwifty/SOSE25/hard_soft/robocar_ws/install/_local_setup_util_sh.py'
[4.297s] INFO:colcon.colcon_core.shell:Creating prefix chain script '/home/shwifty/SOSE25/hard_soft/robocar_ws/install/setup.sh'
[4.300s] INFO:colcon.colcon_core.shell:Creating prefix script '/home/shwifty/SOSE25/hard_soft/robocar_ws/install/local_setup.bash'
[4.301s] INFO:colcon.colcon_core.shell:Creating prefix chain script '/home/shwifty/SOSE25/hard_soft/robocar_ws/install/setup.bash'
[4.303s] INFO:colcon.colcon_core.shell:Creating prefix script '/home/shwifty/SOSE25/hard_soft/robocar_ws/install/local_setup.zsh'
[4.304s] INFO:colcon.colcon_core.shell:Creating prefix chain script '/home/shwifty/SOSE25/hard_soft/robocar_ws/install/setup.zsh'
